<?xml version="1.0" encoding="UTF-8"?>
<!-- Generated by org.testng.reporters.JUnitReportReporter -->
<testsuite hostname="ITEM-AX31720" name="com.axway.apim.export.test.CompleteAPIExportTestIt" tests="1" failures="0" timestamp="3 Sep 2019 05:43:09 GMT" time="295.490" errors="0">
  <testcase name="run" time="295.490" classname="com.axway.apim.export.test.CompleteAPIExportTestIt"/>
</testsuite> <!-- com.axway.apim.export.test.CompleteAPIExportTestIt -->
