<?xml version="1.0" encoding="UTF-8"?>
<!-- Generated by org.testng.reporters.JUnitReportReporter -->
<testsuite hostname="ITEM-AX31720" name="com.axway.apim.export.test.methodLevel.MethodLevelExportTestIt" tests="1" failures="0" timestamp="3 Sep 2019 07:39:41 GMT" time="28.542" errors="0">
  <testcase name="run" time="28.542" classname="com.axway.apim.export.test.methodLevel.MethodLevelExportTestIt"/>
</testsuite> <!-- com.axway.apim.export.test.methodLevel.MethodLevelExportTestIt -->
