<?xml version="1.0" encoding="UTF-8"?>
<!-- Generated by org.testng.reporters.JUnitReportReporter -->
<testsuite hostname="ITEM-AX31720" name="com.axway.apim.export.test.SimpleAPIExportTestIt" tests="1" failures="0" timestamp="2 Sep 2019 12:36:36 GMT" time="6.826" errors="0">
  <testcase name="run" time="6.826" classname="com.axway.apim.export.test.SimpleAPIExportTestIt"/>
</testsuite> <!-- com.axway.apim.export.test.SimpleAPIExportTestIt -->
