<?xml version="1.0" encoding="UTF-8"?>
<!-- Generated by org.testng.reporters.JUnitReportReporter -->
<testsuite hostname="ITEM-AX31720" name="com.axway.apim.export.test.ImageAPIExportTestIt" tests="1" failures="0" timestamp="2 Sep 2019 12:41:05 GMT" time="6.886" errors="0">
  <testcase name="run" time="6.886" classname="com.axway.apim.export.test.ImageAPIExportTestIt"/>
</testsuite> <!-- com.axway.apim.export.test.ImageAPIExportTestIt -->
